0 info it worked if it ends with ok
1 verbose cli [ '/usr/local/bin/node', '/usr/local/bin/npm', 'start' ]
2 info using npm@3.9.5
3 info using node@v6.4.0
4 verbose run-script [ 'prestart', 'start', 'poststart' ]
5 info lifecycle spotify_artist_search@~prestart: spotify_artist_search@
6 silly lifecycle spotify_artist_search@~prestart: no script for prestart, continuing
7 info lifecycle spotify_artist_search@~start: spotify_artist_search@
8 verbose lifecycle spotify_artist_search@~start: unsafe-perm in lifecycle true
9 verbose lifecycle spotify_artist_search@~start: PATH: /usr/local/lib/node_modules/npm/bin/node-gyp-bin:/Users/bradfordmelluish/Desktop/projects/codingChallenges/spotifyArtistSearch/node_modules/.bin:/usr/local/bin:/usr/local/bin:/usr/bin:/bin:/usr/sbin:/sbin
10 verbose lifecycle spotify_artist_search@~start: CWD: /Users/bradfordmelluish/Desktop/projects/codingChallenges/spotifyArtistSearch
11 silly lifecycle spotify_artist_search@~start: Args: [ '-c', '$PORT node server' ]
12 info lifecycle spotify_artist_search@~start: Failed to exec start script
13 verbose stack Error: spotify_artist_search@ start: `$PORT node server`
13 verbose stack spawn ENOENT
13 verbose stack     at ChildProcess.<anonymous> (/usr/local/lib/node_modules/npm/lib/utils/spawn.js:17:16)
13 verbose stack     at emitTwo (events.js:106:13)
13 verbose stack     at ChildProcess.emit (events.js:191:7)
13 verbose stack     at maybeClose (internal/child_process.js:852:16)
13 verbose stack     at Process.ChildProcess._handle.onexit (internal/child_process.js:215:5)
14 verbose pkgid spotify_artist_search@
15 verbose cwd /Users/bradfordmelluish/Desktop/projects/codingChallenges/spotifyArtistSearch
16 error Darwin 16.0.0
17 error argv "/usr/local/bin/node" "/usr/local/bin/npm" "start"
18 error node v6.4.0
19 error npm  v3.9.5
20 error file sh
21 error code ELIFECYCLE
22 error errno ENOENT
23 error syscall spawn
24 error spotify_artist_search@ start: `$PORT node server`
24 error spawn ENOENT
25 error Failed at the spotify_artist_search@ start script '$PORT node server'.
25 error Make sure you have the latest version of node.js and npm installed.
25 error If you do, this is most likely a problem with the spotify_artist_search package,
25 error not with npm itself.
25 error Tell the author that this fails on your system:
25 error     $PORT node server
25 error You can get information on how to open an issue for this project with:
25 error     npm bugs spotify_artist_search
25 error Or if that isn't available, you can get their info via:
25 error     npm owner ls spotify_artist_search
25 error There is likely additional logging output above.
26 verbose exit [ 1, true ]
